This file contains any messages produced by compilers while
running configure, to aid debugging if configure makes a mistake.

It was created by FreeType configure 2.6.5, which was
generated by GNU Autoconf 2.69.  Invocation command line was

  $ ./configure --prefix=/usr/local/vitasdk/arm-vita-eabi --host=arm-vita-eabi --disable-shared --enable-static --without-harfbuzz --without-bzip2

## --------- ##
## Platform. ##
## --------- ##

hostname = DESKTOP-GKAR969
uname -m = x86_64
uname -r = 2.6.0(0.304/5/3)
uname -s = CYGWIN_NT-10.0
uname -v = 2016-08-31 14:32

/usr/bin/uname -p = unknown
/bin/uname -X     = unknown

/bin/arch              = x86_64
/usr/bin/arch -k       = unknown
/usr/convex/getsysinfo = unknown
/usr/bin/hostinfo      = unknown
/bin/machine           = unknown
/usr/bin/oslevel       = unknown
/bin/universe          = unknown

PATH: /usr/local/vitasdk/bin
PATH: /usr/local/bin
PATH: /usr/bin
PATH: /cygdrive/c/Program Files/Microsoft MPI/Bin
PATH: /cygdrive/c/ProgramData/Oracle/Java/javapath
PATH: /cygdrive/c/Windows/system32
PATH: /cygdrive/c/Windows
PATH: /cygdrive/c/Windows/System32/Wbem
PATH: /cygdrive/c/Windows/System32/WindowsPowerShell/v1.0
PATH: /cygdrive/c/Users/CallumCarmicheal/.dnx/bin
PATH: /cygdrive/c/Program Files/Microsoft DNX/Dnvm
PATH: /cygdrive/c/Program Files/Microsoft SQL Server/120/Tools/Binn
PATH: /cygdrive/c/Program Files/Microsoft SQL Server/130/Tools/Binn
PATH: /cygdrive/c/Program Files (x86)/Windows Kits/10/Windows Performance Toolkit
PATH: /cygdrive/c/Program Files (x86)/Skype/Phone
PATH: /cygdrive/g/G/Web/php
PATH: /cygdrive/c/ProgramData/ComposerSetup/bin
PATH: /cygdrive/c/Program Files (x86)/Microsoft SQL Server/100/Tools/Binn
PATH: /cygdrive/c/Program Files/Microsoft SQL Server/100/Tools/Binn
PATH: /cygdrive/c/Program Files/Microsoft SQL Server/100/DTS/Binn
PATH: /cygdrive/c/Program Files (x86)/GtkSharp/2.12/bin
PATH: /cygdrive/c/Program Files/Common Files/Autodesk Shared
PATH: /cygdrive/c/Program Files (x86)/Autodesk/Backburner
PATH: /cygdrive/c/Program Files/dotnet
PATH: /cygdrive/c/Program Files/Git/cmd
PATH: /cygdrive/c/Program Files/Anaconda3
PATH: /cygdrive/c/Program Files/Anaconda3/Scripts
PATH: /cygdrive/c/Program Files/Anaconda3/Library/bin
PATH: /cygdrive/c/Program Files/Anaconda2
PATH: /cygdrive/c/Program Files/Anaconda2/Scripts
PATH: /cygdrive/c/Program Files/Anaconda2/Library/bin
PATH: /cygdrive/c/Program Files (x86)/Anaconda3
PATH: /cygdrive/c/Program Files (x86)/Anaconda3/Scripts
PATH: /cygdrive/c/Program Files (x86)/Anaconda3/Library/bin
PATH: /cygdrive/c/Program Files (x86)/Anaconda2
PATH: /cygdrive/c/Program Files (x86)/Anaconda2/Scripts
PATH: /cygdrive/c/Program Files (x86)/Anaconda2/Library/bin
PATH: /cygdrive/c/Program Files (x86)/nodejs
PATH: /cygdrive/c/Program Files (x86)/Microsoft Emulator Manager/1.0
PATH: /cygdrive/c/Strawberry/c/bin
PATH: /cygdrive/c/Strawberry/perl/site/bin
PATH: /cygdrive/c/Strawberry/perl/bin
PATH: /cygdrive/c/Program Files (x86)/NVIDIA Corporation/PhysX/Common
PATH: /cygdrive/c/Users/CallumCarmicheal/AppData/Local/Microsoft/WindowsApps
PATH: /cygdrive/c/Users/CallumCarmicheal/AppData/Roaming/Composer/vendor/bin
PATH: /cygdrive/c/Users/CallumCarmicheal/AppData/Roaming/npm
PATH: /cygdrive/c/Program Files (x86)/Microsoft VS Code/bin
PATH: /usr/lib/lapack


## ----------- ##
## Core tests. ##
## ----------- ##

configure:2537: checking build system type
configure:2551: result: x86_64-unknown-cygwin
configure:2571: checking host system type
configure:2584: result: arm-vita-eabi
configure:2616: checking for arm-vita-eabi-gcc
configure:2632: found /usr/local/vitasdk/bin/arm-vita-eabi-gcc
configure:2643: result: arm-vita-eabi-gcc
configure:2912: checking for C compiler version
configure:2921: arm-vita-eabi-gcc --version >&5
arm-vita-eabi-gcc.exe (GNU Tools for ARM Embedded Processors) 6.2.0
Copyright (C) 2016 Free Software Foundation, Inc.
This is free software; see the source for copying conditions.  There is NO
warranty; not even for MERCHANTABILITY or FITNESS FOR A PARTICULAR PURPOSE.

configure:2932: $? = 0
configure:2921: arm-vita-eabi-gcc -v >&5
Using built-in specs.
COLLECT_GCC=C:\cygwin64\usr\local\vitasdk\bin\arm-vita-eabi-gcc.exe
COLLECT_LTO_WRAPPER=c:/cygwin64/usr/local/vitasdk/bin/../lib/gcc/arm-vita-eabi/6.2.0/lto-wrapper.exe
Target: arm-vita-eabi
Configured with: /home/travis/build/vitasdk/autobuilds/buildscripts/build/gcc-final-prefix/src/gcc-final/configure --build=x86_64-linux-gnu --host=x86_64-w64-mingw32 --target=arm-vita-eabi --prefix=/home/travis/build/vitasdk/autobuilds/buildscripts/build/vitasdk --libdir=/home/travis/build/vitasdk/autobuilds/buildscripts/build/vitasdk/lib --libexecdir=/home/travis/build/vitasdk/autobuilds/buildscripts/build/vitasdk/lib --with-sysroot=/home/travis/build/vitasdk/autobuilds/buildscripts/build/vitasdk/arm-vita-eabi --with-gmp=/home/travis/build/vitasdk/autobuilds/buildscripts/build/deps_host --with-mpfr=/home/travis/build/vitasdk/autobuilds/buildscripts/build/deps_host --with-mpc=/home/travis/build/vitasdk/autobuilds/buildscripts/build/deps_host --with-isl=/home/travis/build/vitasdk/autobuilds/buildscripts/build/deps_host --with-libelf=/home/travis/build/vitasdk/autobuilds/buildscripts/build/deps_host --with-python-dir=share/gcc-arm-vita-eabi --enable-languages=c,c++ --disable-decimal-float --disable-libffi --disable-libgomp --disable-libmudflap --disable-libquadmath --disable-libssp --disable-libstdcxx-pch --disable-nls --disable-shared --disable-tls --with-gnu-as --with-gnu-ld --with-newlib --disable-multilib --with-arch=armv7-a --with-tune=cortex-a9 --with-fpu=neon --with-float=hard --with-mode=thumb --with-pkgversion='GNU Tools for ARM Embedded Processors' --with-host-libstdcxx='-static-libgcc -Wl,-Bstatic,-lstdc++,-Bdynamic -lm' --with-headers=yes --enable-threads=posix
Thread model: posix
gcc version 6.2.0 (GNU Tools for ARM Embedded Processors) 
configure:2932: $? = 0
configure:2921: arm-vita-eabi-gcc -V >&5
arm-vita-eabi-gcc.exe: error: unrecognized command line option '-V'
arm-vita-eabi-gcc.exe: fatal error: no input files
compilation terminated.
configure:2932: $? = 1
configure:2921: arm-vita-eabi-gcc -qversion >&5
arm-vita-eabi-gcc.exe: error: unrecognized command line option '-qversion'; did you mean '--version'?
arm-vita-eabi-gcc.exe: fatal error: no input files
compilation terminated.
configure:2932: $? = 1
configure:2952: checking whether the C compiler works
configure:2974: arm-vita-eabi-gcc -std=c99 -ftree-vectorize -O3 -ffat-lto-objects -flto -mword-relocations -fomit-frame-pointer -ffast-math -I/usr/local/vitasdk/arm-vita-eabi/include -L/usr/local/vitasdk/arm-vita-eabi/lib conftest.c  >&5
configure:2978: $? = 0
configure:3026: result: yes
configure:3029: checking for C compiler default output file name
configure:3031: result: a.out
configure:3037: checking for suffix of executables
configure:3044: arm-vita-eabi-gcc -o conftest -std=c99 -ftree-vectorize -O3 -ffat-lto-objects -flto -mword-relocations -fomit-frame-pointer -ffast-math -I/usr/local/vitasdk/arm-vita-eabi/include -L/usr/local/vitasdk/arm-vita-eabi/lib conftest.c  >&5
configure:3048: $? = 0
configure:3070: result: 
configure:3092: checking whether we are cross compiling
configure:3100: arm-vita-eabi-gcc -o conftest -std=c99 -ftree-vectorize -O3 -ffat-lto-objects -flto -mword-relocations -fomit-frame-pointer -ffast-math -I/usr/local/vitasdk/arm-vita-eabi/include -L/usr/local/vitasdk/arm-vita-eabi/lib conftest.c  >&5
configure:3104: $? = 0
configure:3111: ./conftest
./configure: line 3113: ./conftest: cannot execute binary file: Exec format error
configure:3115: $? = 126
configure:3130: result: yes
configure:3135: checking for suffix of object files
configure:3157: arm-vita-eabi-gcc -c -std=c99 -ftree-vectorize -O3 -ffat-lto-objects -flto -mword-relocations -fomit-frame-pointer -ffast-math -I/usr/local/vitasdk/arm-vita-eabi/include conftest.c >&5
configure:3161: $? = 0
configure:3182: result: o
configure:3186: checking whether we are using the GNU C compiler
configure:3205: arm-vita-eabi-gcc -c -std=c99 -ftree-vectorize -O3 -ffat-lto-objects -flto -mword-relocations -fomit-frame-pointer -ffast-math -I/usr/local/vitasdk/arm-vita-eabi/include conftest.c >&5
configure:3205: $? = 0
configure:3214: result: yes
configure:3223: checking whether arm-vita-eabi-gcc accepts -g
configure:3243: arm-vita-eabi-gcc -c -g -I/usr/local/vitasdk/arm-vita-eabi/include conftest.c >&5
configure:3243: $? = 0
configure:3284: result: yes
configure:3301: checking for arm-vita-eabi-gcc option to accept ISO C89
configure:3364: arm-vita-eabi-gcc  -c -std=c99 -ftree-vectorize -O3 -ffat-lto-objects -flto -mword-relocations -fomit-frame-pointer -ffast-math -I/usr/local/vitasdk/arm-vita-eabi/include conftest.c >&5
configure:3364: $? = 0
configure:3377: result: none needed
configure:3402: checking how to run the C preprocessor
configure:3433: arm-vita-eabi-gcc -E -I/usr/local/vitasdk/arm-vita-eabi/include conftest.c
configure:3433: $? = 0
configure:3447: arm-vita-eabi-gcc -E -I/usr/local/vitasdk/arm-vita-eabi/include conftest.c
conftest.c:9:28: fatal error: ac_nonexistent.h: No such file or directory
 #include <ac_nonexistent.h>
                            ^
compilation terminated.
configure:3447: $? = 1
configure: failed program was:
| /* confdefs.h */
| #define PACKAGE_NAME "FreeType"
| #define PACKAGE_TARNAME "freetype"
| #define PACKAGE_VERSION "2.6.5"
| #define PACKAGE_STRING "FreeType 2.6.5"
| #define PACKAGE_BUGREPORT "freetype@nongnu.org"
| #define PACKAGE_URL ""
| /* end confdefs.h.  */
| #include <ac_nonexistent.h>
configure:3472: result: arm-vita-eabi-gcc -E
configure:3492: arm-vita-eabi-gcc -E -I/usr/local/vitasdk/arm-vita-eabi/include conftest.c
configure:3492: $? = 0
configure:3506: arm-vita-eabi-gcc -E -I/usr/local/vitasdk/arm-vita-eabi/include conftest.c
conftest.c:9:28: fatal error: ac_nonexistent.h: No such file or directory
 #include <ac_nonexistent.h>
                            ^
compilation terminated.
configure:3506: $? = 1
configure: failed program was:
| /* confdefs.h */
| #define PACKAGE_NAME "FreeType"
| #define PACKAGE_TARNAME "freetype"
| #define PACKAGE_VERSION "2.6.5"
| #define PACKAGE_STRING "FreeType 2.6.5"
| #define PACKAGE_BUGREPORT "freetype@nongnu.org"
| #define PACKAGE_URL ""
| /* end confdefs.h.  */
| #include <ac_nonexistent.h>
configure:3547: checking for arm-vita-eabi-pkg-config
configure:3580: result: no
configure:3590: checking for pkg-config
configure:3608: found /usr/bin/pkg-config
configure:3620: result: /usr/bin/pkg-config
configure:3632: WARNING: using cross tools not prefixed with host triplet
configure:3645: checking pkg-config is at least version 0.24
configure:3648: result: yes
configure:3703: checking how to print strings
configure:3730: result: printf
configure:3751: checking for a sed that does not truncate output
configure:3815: result: /usr/bin/sed
configure:3833: checking for grep that handles long lines and -e
configure:3891: result: /usr/bin/grep
configure:3896: checking for egrep
configure:3958: result: /usr/bin/grep -E
configure:3963: checking for fgrep
configure:4025: result: /usr/bin/grep -F
configure:4060: checking for ld used by arm-vita-eabi-gcc
configure:4127: result: c:/cygwin64/usr/local/vitasdk/arm-vita-eabi/bin/ld.exe
configure:4134: checking if the linker (c:/cygwin64/usr/local/vitasdk/arm-vita-eabi/bin/ld.exe) is GNU ld
configure:4149: result: yes
configure:4161: checking for BSD- or MS-compatible name lister (nm)
configure:4215: result: /usr/local/vitasdk/bin/arm-vita-eabi-nm -B
configure:4345: checking the name lister (/usr/local/vitasdk/bin/arm-vita-eabi-nm -B) interface
configure:4352: arm-vita-eabi-gcc -c -std=c99 -ftree-vectorize -O3 -ffat-lto-objects -flto -mword-relocations -fomit-frame-pointer -ffast-math -I/usr/local/vitasdk/arm-vita-eabi/include conftest.c >&5
configure:4355: /usr/local/vitasdk/bin/arm-vita-eabi-nm -B "conftest.o"
configure:4358: output
00000001 C __gnu_lto_v1
00000000 B some_variable
configure:4365: result: BSD nm
configure:4368: checking whether ln -s works
configure:4372: result: yes
configure:4380: checking the maximum length of command line arguments
configure:4511: result: 8192
configure:4559: checking how to convert x86_64-unknown-cygwin file names to arm-vita-eabi format
configure:4599: result: func_convert_file_noop
configure:4606: checking how to convert x86_64-unknown-cygwin file names to toolchain format
configure:4626: result: func_convert_file_noop
configure:4633: checking for c:/cygwin64/usr/local/vitasdk/arm-vita-eabi/bin/ld.exe option to reload object files
configure:4640: result: -r
configure:4674: checking for arm-vita-eabi-objdump
configure:4690: found /usr/local/vitasdk/bin/arm-vita-eabi-objdump
configure:4701: result: arm-vita-eabi-objdump
configure:4770: checking how to recognize dependent libraries
configure:4970: result: unknown
configure:5015: checking for arm-vita-eabi-dlltool
configure:5045: result: no
configure:5055: checking for dlltool
configure:5071: found /usr/bin/dlltool
configure:5082: result: dlltool
configure:5112: checking how to associate runtime and link libraries
configure:5139: result: printf %s\n
configure:5156: checking for arm-vita-eabi-ar
configure:5183: result: arm-vita-eabi-gcc-ar
configure:5264: checking for archiver @FILE support
configure:5281: arm-vita-eabi-gcc -c -std=c99 -ftree-vectorize -O3 -ffat-lto-objects -flto -mword-relocations -fomit-frame-pointer -ffast-math -I/usr/local/vitasdk/arm-vita-eabi/include conftest.c >&5
configure:5281: $? = 0
configure:5284: arm-vita-eabi-gcc-ar cru libconftest.a @conftest.lst >&5
configure:5287: $? = 0
configure:5292: arm-vita-eabi-gcc-ar cru libconftest.a @conftest.lst >&5
c:\cygwin64\usr\local\vitasdk\bin\../lib/gcc/arm-vita-eabi/6.2.0/../../../../arm-vita-eabi/bin/ar.exe: conftest.o: No such file or directory
configure:5295: $? = 1
configure:5307: result: @
configure:5325: checking for arm-vita-eabi-strip
configure:5341: found /usr/local/vitasdk/bin/arm-vita-eabi-strip
configure:5352: result: arm-vita-eabi-strip
configure:5424: checking for arm-vita-eabi-ranlib
configure:5451: result: arm-vita-eabi-gcc-ranlib
configure:5568: checking for gawk
configure:5584: found /usr/bin/gawk
configure:5595: result: gawk
configure:5635: checking command to parse /usr/local/vitasdk/bin/arm-vita-eabi-nm -B output from arm-vita-eabi-gcc object
configure:5788: arm-vita-eabi-gcc -c -std=c99 -ftree-vectorize -O3 -ffat-lto-objects -flto -mword-relocations -fomit-frame-pointer -ffast-math -I/usr/local/vitasdk/arm-vita-eabi/include conftest.c >&5
configure:5791: $? = 0
configure:5795: /usr/local/vitasdk/bin/arm-vita-eabi-nm -B conftest.o \| sed -n -e 's/^.*[ ]\([ABCDGIRSTW][ABCDGIRSTW]*\)[ ][ ]*\([_A-Za-z][_A-Za-z0-9]*\)$/\1 \2 \2/p' | sed '/ __gnu_lto/d' \> conftest.nm
configure:5798: $? = 0
configure:5864: arm-vita-eabi-gcc -o conftest -std=c99 -ftree-vectorize -O3 -ffat-lto-objects -flto -mword-relocations -fomit-frame-pointer -ffast-math -I/usr/local/vitasdk/arm-vita-eabi/include -L/usr/local/vitasdk/arm-vita-eabi/lib conftest.c conftstm.o >&5
configure:5867: $? = 0
configure:5905: result: ok
configure:5952: checking for sysroot
configure:5982: result: no
configure:5989: checking for a working dd
configure:6027: result: /usr/bin/dd
configure:6031: checking how to truncate binary pipes
configure:6046: result: /usr/bin/dd bs=4096 count=1
configure:6335: checking for arm-vita-eabi-mt
configure:6365: result: no
configure:6375: checking for mt
configure:6405: result: no
configure:6425: checking if : is a manifest tool
configure:6431: : '-?'
configure:6439: result: no
configure:7112: checking for ANSI C header files
configure:7132: arm-vita-eabi-gcc -c -std=c99 -ftree-vectorize -O3 -ffat-lto-objects -flto -mword-relocations -fomit-frame-pointer -ffast-math -I/usr/local/vitasdk/arm-vita-eabi/include conftest.c >&5
configure:7132: $? = 0
configure:7216: result: yes
configure:7229: checking for sys/types.h
configure:7229: arm-vita-eabi-gcc -c -std=c99 -ftree-vectorize -O3 -ffat-lto-objects -flto -mword-relocations -fomit-frame-pointer -ffast-math -I/usr/local/vitasdk/arm-vita-eabi/include conftest.c >&5
configure:7229: $? = 0
configure:7229: result: yes
configure:7229: checking for sys/stat.h
configure:7229: arm-vita-eabi-gcc -c -std=c99 -ftree-vectorize -O3 -ffat-lto-objects -flto -mword-relocations -fomit-frame-pointer -ffast-math -I/usr/local/vitasdk/arm-vita-eabi/include conftest.c >&5
configure:7229: $? = 0
configure:7229: result: yes
configure:7229: checking for stdlib.h
configure:7229: arm-vita-eabi-gcc -c -std=c99 -ftree-vectorize -O3 -ffat-lto-objects -flto -mword-relocations -fomit-frame-pointer -ffast-math -I/usr/local/vitasdk/arm-vita-eabi/include conftest.c >&5
configure:7229: $? = 0
configure:7229: result: yes
configure:7229: checking for string.h
configure:7229: arm-vita-eabi-gcc -c -std=c99 -ftree-vectorize -O3 -ffat-lto-objects -flto -mword-relocations -fomit-frame-pointer -ffast-math -I/usr/local/vitasdk/arm-vita-eabi/include conftest.c >&5
configure:7229: $? = 0
configure:7229: result: yes
configure:7229: checking for memory.h
configure:7229: arm-vita-eabi-gcc -c -std=c99 -ftree-vectorize -O3 -ffat-lto-objects -flto -mword-relocations -fomit-frame-pointer -ffast-math -I/usr/local/vitasdk/arm-vita-eabi/include conftest.c >&5
conftest.c:48:20: fatal error: memory.h: No such file or directory
 #include <memory.h>
                    ^
compilation terminated.
configure:7229: $? = 1
configure: failed program was:
| /* confdefs.h */
| #define PACKAGE_NAME "FreeType"
| #define PACKAGE_TARNAME "freetype"
| #define PACKAGE_VERSION "2.6.5"
| #define PACKAGE_STRING "FreeType 2.6.5"
| #define PACKAGE_BUGREPORT "freetype@nongnu.org"
| #define PACKAGE_URL ""
| #define STDC_HEADERS 1
| #define HAVE_SYS_TYPES_H 1
| #define HAVE_SYS_STAT_H 1
| #define HAVE_STDLIB_H 1
| #define HAVE_STRING_H 1
| /* end confdefs.h.  */
| #include <stdio.h>
| #ifdef HAVE_SYS_TYPES_H
| # include <sys/types.h>
| #endif
| #ifdef HAVE_SYS_STAT_H
| # include <sys/stat.h>
| #endif
| #ifdef STDC_HEADERS
| # include <stdlib.h>
| # include <stddef.h>
| #else
| # ifdef HAVE_STDLIB_H
| #  include <stdlib.h>
| # endif
| #endif
| #ifdef HAVE_STRING_H
| # if !defined STDC_HEADERS && defined HAVE_MEMORY_H
| #  include <memory.h>
| # endif
| # include <string.h>
| #endif
| #ifdef HAVE_STRINGS_H
| # include <strings.h>
| #endif
| #ifdef HAVE_INTTYPES_H
| # include <inttypes.h>
| #endif
| #ifdef HAVE_STDINT_H
| # include <stdint.h>
| #endif
| #ifdef HAVE_UNISTD_H
| # include <unistd.h>
| #endif
| 
| #include <memory.h>
configure:7229: result: no
configure:7229: checking for strings.h
configure:7229: arm-vita-eabi-gcc -c -std=c99 -ftree-vectorize -O3 -ffat-lto-objects -flto -mword-relocations -fomit-frame-pointer -ffast-math -I/usr/local/vitasdk/arm-vita-eabi/include conftest.c >&5
configure:7229: $? = 0
configure:7229: result: yes
configure:7229: checking for inttypes.h
configure:7229: arm-vita-eabi-gcc -c -std=c99 -ftree-vectorize -O3 -ffat-lto-objects -flto -mword-relocations -fomit-frame-pointer -ffast-math -I/usr/local/vitasdk/arm-vita-eabi/include conftest.c >&5
configure:7229: $? = 0
configure:7229: result: yes
configure:7229: checking for stdint.h
configure:7229: arm-vita-eabi-gcc -c -std=c99 -ftree-vectorize -O3 -ffat-lto-objects -flto -mword-relocations -fomit-frame-pointer -ffast-math -I/usr/local/vitasdk/arm-vita-eabi/include conftest.c >&5
configure:7229: $? = 0
configure:7229: result: yes
configure:7229: checking for unistd.h
configure:7229: arm-vita-eabi-gcc -c -std=c99 -ftree-vectorize -O3 -ffat-lto-objects -flto -mword-relocations -fomit-frame-pointer -ffast-math -I/usr/local/vitasdk/arm-vita-eabi/include conftest.c >&5
configure:7229: $? = 0
configure:7229: result: yes
configure:7243: checking for dlfcn.h
configure:7243: arm-vita-eabi-gcc -c -std=c99 -ftree-vectorize -O3 -ffat-lto-objects -flto -mword-relocations -fomit-frame-pointer -ffast-math -I/usr/local/vitasdk/arm-vita-eabi/include conftest.c >&5
conftest.c:52:19: fatal error: dlfcn.h: No such file or directory
 #include <dlfcn.h>
                   ^
compilation terminated.
configure:7243: $? = 1
configure: failed program was:
| /* confdefs.h */
| #define PACKAGE_NAME "FreeType"
| #define PACKAGE_TARNAME "freetype"
| #define PACKAGE_VERSION "2.6.5"
| #define PACKAGE_STRING "FreeType 2.6.5"
| #define PACKAGE_BUGREPORT "freetype@nongnu.org"
| #define PACKAGE_URL ""
| #define STDC_HEADERS 1
| #define HAVE_SYS_TYPES_H 1
| #define HAVE_SYS_STAT_H 1
| #define HAVE_STDLIB_H 1
| #define HAVE_STRING_H 1
| #define HAVE_STRINGS_H 1
| #define HAVE_INTTYPES_H 1
| #define HAVE_STDINT_H 1
| #define HAVE_UNISTD_H 1
| /* end confdefs.h.  */
| #include <stdio.h>
| #ifdef HAVE_SYS_TYPES_H
| # include <sys/types.h>
| #endif
| #ifdef HAVE_SYS_STAT_H
| # include <sys/stat.h>
| #endif
| #ifdef STDC_HEADERS
| # include <stdlib.h>
| # include <stddef.h>
| #else
| # ifdef HAVE_STDLIB_H
| #  include <stdlib.h>
| # endif
| #endif
| #ifdef HAVE_STRING_H
| # if !defined STDC_HEADERS && defined HAVE_MEMORY_H
| #  include <memory.h>
| # endif
| # include <string.h>
| #endif
| #ifdef HAVE_STRINGS_H
| # include <strings.h>
| #endif
| #ifdef HAVE_INTTYPES_H
| # include <inttypes.h>
| #endif
| #ifdef HAVE_STDINT_H
| # include <stdint.h>
| #endif
| #ifdef HAVE_UNISTD_H
| # include <unistd.h>
| #endif
| 
| #include <dlfcn.h>
configure:7243: result: no
configure:7797: checking for objdir
configure:7812: result: .libs
configure:8072: checking if arm-vita-eabi-gcc supports -fno-rtti -fno-exceptions
configure:8090: arm-vita-eabi-gcc -c -std=c99 -ftree-vectorize -O3 -ffat-lto-objects -flto -mword-relocations -fomit-frame-pointer -ffast-math -I/usr/local/vitasdk/arm-vita-eabi/include -fno-rtti -fno-exceptions conftest.c >&5
cc1.exe: warning: command line option '-fno-rtti' is valid for C++/ObjC++ but not for C
configure:8094: $? = 0
configure:8107: result: no
configure:8465: checking for arm-vita-eabi-gcc option to produce PIC
configure:8472: result: -fPIC -DPIC
configure:8480: checking if arm-vita-eabi-gcc PIC flag -fPIC -DPIC works
configure:8498: arm-vita-eabi-gcc -c -std=c99 -ftree-vectorize -O3 -ffat-lto-objects -flto -mword-relocations -fomit-frame-pointer -ffast-math -I/usr/local/vitasdk/arm-vita-eabi/include -fPIC -DPIC -DPIC conftest.c >&5
configure:8502: $? = 0
configure:8515: result: yes
configure:8544: checking if arm-vita-eabi-gcc static flag -static works
configure:8572: result: yes
configure:8587: checking if arm-vita-eabi-gcc supports -c -o file.o
configure:8608: arm-vita-eabi-gcc -c -std=c99 -ftree-vectorize -O3 -ffat-lto-objects -flto -mword-relocations -fomit-frame-pointer -ffast-math -I/usr/local/vitasdk/arm-vita-eabi/include -o out/conftest2.o conftest.c >&5
configure:8612: $? = 0
configure:8634: result: yes
configure:8642: checking if arm-vita-eabi-gcc supports -c -o file.o
configure:8689: result: yes
configure:8722: checking whether the arm-vita-eabi-gcc linker (c:/cygwin64/usr/local/vitasdk/arm-vita-eabi/bin/ld.exe) supports shared libraries
configure:9981: result: yes
configure:10018: checking whether -lc should be explicitly linked in
configure:10026: arm-vita-eabi-gcc -c -std=c99 -ftree-vectorize -O3 -ffat-lto-objects -flto -mword-relocations -fomit-frame-pointer -ffast-math -I/usr/local/vitasdk/arm-vita-eabi/include conftest.c >&5
configure:10029: $? = 0
configure:10044: arm-vita-eabi-gcc -shared  -fPIC -DPIC conftest.o  -v -Wl,-soname -Wl,conftest -o conftest 2\>\&1 \| /usr/bin/grep  -lc  \>/dev/null 2\>\&1
configure:10047: $? = 1
configure:10061: result: yes
configure:10221: checking dynamic linker characteristics
configure:11039: result: no
configure:11161: checking how to hardcode library paths into programs
configure:11186: result: immediate
configure:11734: checking whether stripping libraries is possible
configure:11739: result: yes
configure:11774: checking if libtool supports shared libraries
configure:11776: result: no
configure:11779: checking whether to build shared libraries
configure:11804: result: no
configure:11807: checking whether to build static libraries
configure:11811: result: yes
configure:11855: checking for x86_64-unknown-cygwin-gcc
configure:11885: result: no
configure:11892: checking for gcc
configure:11908: found /usr/bin/gcc
configure:11919: result: gcc
configure:11929: checking for gcc
configure:11973: result: gcc
configure:11983: checking for suffix of native executables
configure:11997: result: 
configure:12027: checking for a BSD-compatible install
configure:12095: result: /usr/bin/install -c
configure:12114: checking for a thread-safe mkdir -p
configure:12153: result: /usr/bin/mkdir -p
configure:12167: checking for ANSI C header files
configure:12271: result: yes
configure:12282: checking fcntl.h usability
configure:12282: arm-vita-eabi-gcc -c -std=c99 -ftree-vectorize -O3 -ffat-lto-objects -flto -mword-relocations -fomit-frame-pointer -ffast-math -I/usr/local/vitasdk/arm-vita-eabi/include conftest.c >&5
configure:12282: $? = 0
configure:12282: result: yes
configure:12282: checking fcntl.h presence
configure:12282: arm-vita-eabi-gcc -E -I/usr/local/vitasdk/arm-vita-eabi/include conftest.c
configure:12282: $? = 0
configure:12282: result: yes
configure:12282: checking for fcntl.h
configure:12282: result: yes
configure:12282: checking for unistd.h
configure:12282: result: yes
configure:12296: checking for an ANSI C-conforming const
configure:12362: arm-vita-eabi-gcc -c -std=c99 -ftree-vectorize -O3 -ffat-lto-objects -flto -mword-relocations -fomit-frame-pointer -ffast-math -I/usr/local/vitasdk/arm-vita-eabi/include conftest.c >&5
configure:12362: $? = 0
configure:12369: result: yes
configure:12381: checking size of int
configure:12386: arm-vita-eabi-gcc -c -std=c99 -ftree-vectorize -O3 -ffat-lto-objects -flto -mword-relocations -fomit-frame-pointer -ffast-math -I/usr/local/vitasdk/arm-vita-eabi/include conftest.c >&5
configure:12386: $? = 0
configure:12386: arm-vita-eabi-gcc -c -std=c99 -ftree-vectorize -O3 -ffat-lto-objects -flto -mword-relocations -fomit-frame-pointer -ffast-math -I/usr/local/vitasdk/arm-vita-eabi/include conftest.c >&5
conftest.c: In function 'main':
conftest.c:58:12: error: size of array 'test_array' is negative
 static int test_array [1 - 2 * !(((long int) (sizeof (int))) <= 0)];
            ^~~~~~~~~~
configure:12386: $? = 1
configure: failed program was:
| /* confdefs.h */
| #define PACKAGE_NAME "FreeType"
| #define PACKAGE_TARNAME "freetype"
| #define PACKAGE_VERSION "2.6.5"
| #define PACKAGE_STRING "FreeType 2.6.5"
| #define PACKAGE_BUGREPORT "freetype@nongnu.org"
| #define PACKAGE_URL ""
| #define STDC_HEADERS 1
| #define HAVE_SYS_TYPES_H 1
| #define HAVE_SYS_STAT_H 1
| #define HAVE_STDLIB_H 1
| #define HAVE_STRING_H 1
| #define HAVE_STRINGS_H 1
| #define HAVE_INTTYPES_H 1
| #define HAVE_STDINT_H 1
| #define HAVE_UNISTD_H 1
| #define LT_OBJDIR ".libs/"
| #define STDC_HEADERS 1
| #define HAVE_FCNTL_H 1
| #define HAVE_UNISTD_H 1
| /* end confdefs.h.  */
| #include <stdio.h>
| #ifdef HAVE_SYS_TYPES_H
| # include <sys/types.h>
| #endif
| #ifdef HAVE_SYS_STAT_H
| # include <sys/stat.h>
| #endif
| #ifdef STDC_HEADERS
| # include <stdlib.h>
| # include <stddef.h>
| #else
| # ifdef HAVE_STDLIB_H
| #  include <stdlib.h>
| # endif
| #endif
| #ifdef HAVE_STRING_H
| # if !defined STDC_HEADERS && defined HAVE_MEMORY_H
| #  include <memory.h>
| # endif
| # include <string.h>
| #endif
| #ifdef HAVE_STRINGS_H
| # include <strings.h>
| #endif
| #ifdef HAVE_INTTYPES_H
| # include <inttypes.h>
| #endif
| #ifdef HAVE_STDINT_H
| # include <stdint.h>
| #endif
| #ifdef HAVE_UNISTD_H
| # include <unistd.h>
| #endif
| int
| main ()
| {
| static int test_array [1 - 2 * !(((long int) (sizeof (int))) <= 0)];
| test_array [0] = 0;
| return test_array [0];
| 
|   ;
|   return 0;
| }
configure:12386: arm-vita-eabi-gcc -c -std=c99 -ftree-vectorize -O3 -ffat-lto-objects -flto -mword-relocations -fomit-frame-pointer -ffast-math -I/usr/local/vitasdk/arm-vita-eabi/include conftest.c >&5
conftest.c: In function 'main':
conftest.c:58:12: error: size of array 'test_array' is negative
 static int test_array [1 - 2 * !(((long int) (sizeof (int))) <= 1)];
            ^~~~~~~~~~
configure:12386: $? = 1
configure: failed program was:
| /* confdefs.h */
| #define PACKAGE_NAME "FreeType"
| #define PACKAGE_TARNAME "freetype"
| #define PACKAGE_VERSION "2.6.5"
| #define PACKAGE_STRING "FreeType 2.6.5"
| #define PACKAGE_BUGREPORT "freetype@nongnu.org"
| #define PACKAGE_URL ""
| #define STDC_HEADERS 1
| #define HAVE_SYS_TYPES_H 1
| #define HAVE_SYS_STAT_H 1
| #define HAVE_STDLIB_H 1
| #define HAVE_STRING_H 1
| #define HAVE_STRINGS_H 1
| #define HAVE_INTTYPES_H 1
| #define HAVE_STDINT_H 1
| #define HAVE_UNISTD_H 1
| #define LT_OBJDIR ".libs/"
| #define STDC_HEADERS 1
| #define HAVE_FCNTL_H 1
| #define HAVE_UNISTD_H 1
| /* end confdefs.h.  */
| #include <stdio.h>
| #ifdef HAVE_SYS_TYPES_H
| # include <sys/types.h>
| #endif
| #ifdef HAVE_SYS_STAT_H
| # include <sys/stat.h>
| #endif
| #ifdef STDC_HEADERS
| # include <stdlib.h>
| # include <stddef.h>
| #else
| # ifdef HAVE_STDLIB_H
| #  include <stdlib.h>
| # endif
| #endif
| #ifdef HAVE_STRING_H
| # if !defined STDC_HEADERS && defined HAVE_MEMORY_H
| #  include <memory.h>
| # endif
| # include <string.h>
| #endif
| #ifdef HAVE_STRINGS_H
| # include <strings.h>
| #endif
| #ifdef HAVE_INTTYPES_H
| # include <inttypes.h>
| #endif
| #ifdef HAVE_STDINT_H
| # include <stdint.h>
| #endif
| #ifdef HAVE_UNISTD_H
| # include <unistd.h>
| #endif
| int
| main ()
| {
| static int test_array [1 - 2 * !(((long int) (sizeof (int))) <= 1)];
| test_array [0] = 0;
| return test_array [0];
| 
|   ;
|   return 0;
| }
configure:12386: arm-vita-eabi-gcc -c -std=c99 -ftree-vectorize -O3 -ffat-lto-objects -flto -mword-relocations -fomit-frame-pointer -ffast-math -I/usr/local/vitasdk/arm-vita-eabi/include conftest.c >&5
conftest.c: In function 'main':
conftest.c:58:12: error: size of array 'test_array' is negative
 static int test_array [1 - 2 * !(((long int) (sizeof (int))) <= 3)];
            ^~~~~~~~~~
configure:12386: $? = 1
configure: failed program was:
| /* confdefs.h */
| #define PACKAGE_NAME "FreeType"
| #define PACKAGE_TARNAME "freetype"
| #define PACKAGE_VERSION "2.6.5"
| #define PACKAGE_STRING "FreeType 2.6.5"
| #define PACKAGE_BUGREPORT "freetype@nongnu.org"
| #define PACKAGE_URL ""
| #define STDC_HEADERS 1
| #define HAVE_SYS_TYPES_H 1
| #define HAVE_SYS_STAT_H 1
| #define HAVE_STDLIB_H 1
| #define HAVE_STRING_H 1
| #define HAVE_STRINGS_H 1
| #define HAVE_INTTYPES_H 1
| #define HAVE_STDINT_H 1
| #define HAVE_UNISTD_H 1
| #define LT_OBJDIR ".libs/"
| #define STDC_HEADERS 1
| #define HAVE_FCNTL_H 1
| #define HAVE_UNISTD_H 1
| /* end confdefs.h.  */
| #include <stdio.h>
| #ifdef HAVE_SYS_TYPES_H
| # include <sys/types.h>
| #endif
| #ifdef HAVE_SYS_STAT_H
| # include <sys/stat.h>
| #endif
| #ifdef STDC_HEADERS
| # include <stdlib.h>
| # include <stddef.h>
| #else
| # ifdef HAVE_STDLIB_H
| #  include <stdlib.h>
| # endif
| #endif
| #ifdef HAVE_STRING_H
| # if !defined STDC_HEADERS && defined HAVE_MEMORY_H
| #  include <memory.h>
| # endif
| # include <string.h>
| #endif
| #ifdef HAVE_STRINGS_H
| # include <strings.h>
| #endif
| #ifdef HAVE_INTTYPES_H
| # include <inttypes.h>
| #endif
| #ifdef HAVE_STDINT_H
| # include <stdint.h>
| #endif
| #ifdef HAVE_UNISTD_H
| # include <unistd.h>
| #endif
| int
| main ()
| {
| static int test_array [1 - 2 * !(((long int) (sizeof (int))) <= 3)];
| test_array [0] = 0;
| return test_array [0];
| 
|   ;
|   return 0;
| }
configure:12386: arm-vita-eabi-gcc -c -std=c99 -ftree-vectorize -O3 -ffat-lto-objects -flto -mword-relocations -fomit-frame-pointer -ffast-math -I/usr/local/vitasdk/arm-vita-eabi/include conftest.c >&5
configure:12386: $? = 0
configure:12386: arm-vita-eabi-gcc -c -std=c99 -ftree-vectorize -O3 -ffat-lto-objects -flto -mword-relocations -fomit-frame-pointer -ffast-math -I/usr/local/vitasdk/arm-vita-eabi/include conftest.c >&5
configure:12386: $? = 0
configure:12386: arm-vita-eabi-gcc -c -std=c99 -ftree-vectorize -O3 -ffat-lto-objects -flto -mword-relocations -fomit-frame-pointer -ffast-math -I/usr/local/vitasdk/arm-vita-eabi/include conftest.c >&5
configure:12386: $? = 0
configure:12400: result: 4
configure:12414: checking size of long
configure:12419: arm-vita-eabi-gcc -c -std=c99 -ftree-vectorize -O3 -ffat-lto-objects -flto -mword-relocations -fomit-frame-pointer -ffast-math -I/usr/local/vitasdk/arm-vita-eabi/include conftest.c >&5
configure:12419: $? = 0
configure:12419: arm-vita-eabi-gcc -c -std=c99 -ftree-vectorize -O3 -ffat-lto-objects -flto -mword-relocations -fomit-frame-pointer -ffast-math -I/usr/local/vitasdk/arm-vita-eabi/include conftest.c >&5
conftest.c: In function 'main':
conftest.c:59:12: error: size of array 'test_array' is negative
 static int test_array [1 - 2 * !(((long int) (sizeof (long))) <= 0)];
            ^~~~~~~~~~
configure:12419: $? = 1
configure: failed program was:
| /* confdefs.h */
| #define PACKAGE_NAME "FreeType"
| #define PACKAGE_TARNAME "freetype"
| #define PACKAGE_VERSION "2.6.5"
| #define PACKAGE_STRING "FreeType 2.6.5"
| #define PACKAGE_BUGREPORT "freetype@nongnu.org"
| #define PACKAGE_URL ""
| #define STDC_HEADERS 1
| #define HAVE_SYS_TYPES_H 1
| #define HAVE_SYS_STAT_H 1
| #define HAVE_STDLIB_H 1
| #define HAVE_STRING_H 1
| #define HAVE_STRINGS_H 1
| #define HAVE_INTTYPES_H 1
| #define HAVE_STDINT_H 1
| #define HAVE_UNISTD_H 1
| #define LT_OBJDIR ".libs/"
| #define STDC_HEADERS 1
| #define HAVE_FCNTL_H 1
| #define HAVE_UNISTD_H 1
| #define SIZEOF_INT 4
| /* end confdefs.h.  */
| #include <stdio.h>
| #ifdef HAVE_SYS_TYPES_H
| # include <sys/types.h>
| #endif
| #ifdef HAVE_SYS_STAT_H
| # include <sys/stat.h>
| #endif
| #ifdef STDC_HEADERS
| # include <stdlib.h>
| # include <stddef.h>
| #else
| # ifdef HAVE_STDLIB_H
| #  include <stdlib.h>
| # endif
| #endif
| #ifdef HAVE_STRING_H
| # if !defined STDC_HEADERS && defined HAVE_MEMORY_H
| #  include <memory.h>
| # endif
| # include <string.h>
| #endif
| #ifdef HAVE_STRINGS_H
| # include <strings.h>
| #endif
| #ifdef HAVE_INTTYPES_H
| # include <inttypes.h>
| #endif
| #ifdef HAVE_STDINT_H
| # include <stdint.h>
| #endif
| #ifdef HAVE_UNISTD_H
| # include <unistd.h>
| #endif
| int
| main ()
| {
| static int test_array [1 - 2 * !(((long int) (sizeof (long))) <= 0)];
| test_array [0] = 0;
| return test_array [0];
| 
|   ;
|   return 0;
| }
configure:12419: arm-vita-eabi-gcc -c -std=c99 -ftree-vectorize -O3 -ffat-lto-objects -flto -mword-relocations -fomit-frame-pointer -ffast-math -I/usr/local/vitasdk/arm-vita-eabi/include conftest.c >&5
conftest.c: In function 'main':
conftest.c:59:12: error: size of array 'test_array' is negative
 static int test_array [1 - 2 * !(((long int) (sizeof (long))) <= 1)];
            ^~~~~~~~~~
configure:12419: $? = 1
configure: failed program was:
| /* confdefs.h */
| #define PACKAGE_NAME "FreeType"
| #define PACKAGE_TARNAME "freetype"
| #define PACKAGE_VERSION "2.6.5"
| #define PACKAGE_STRING "FreeType 2.6.5"
| #define PACKAGE_BUGREPORT "freetype@nongnu.org"
| #define PACKAGE_URL ""
| #define STDC_HEADERS 1
| #define HAVE_SYS_TYPES_H 1
| #define HAVE_SYS_STAT_H 1
| #define HAVE_STDLIB_H 1
| #define HAVE_STRING_H 1
| #define HAVE_STRINGS_H 1
| #define HAVE_INTTYPES_H 1
| #define HAVE_STDINT_H 1
| #define HAVE_UNISTD_H 1
| #define LT_OBJDIR ".libs/"
| #define STDC_HEADERS 1
| #define HAVE_FCNTL_H 1
| #define HAVE_UNISTD_H 1
| #define SIZEOF_INT 4
| /* end confdefs.h.  */
| #include <stdio.h>
| #ifdef HAVE_SYS_TYPES_H
| # include <sys/types.h>
| #endif
| #ifdef HAVE_SYS_STAT_H
| # include <sys/stat.h>
| #endif
| #ifdef STDC_HEADERS
| # include <stdlib.h>
| # include <stddef.h>
| #else
| # ifdef HAVE_STDLIB_H
| #  include <stdlib.h>
| # endif
| #endif
| #ifdef HAVE_STRING_H
| # if !defined STDC_HEADERS && defined HAVE_MEMORY_H
| #  include <memory.h>
| # endif
| # include <string.h>
| #endif
| #ifdef HAVE_STRINGS_H
| # include <strings.h>
| #endif
| #ifdef HAVE_INTTYPES_H
| # include <inttypes.h>
| #endif
| #ifdef HAVE_STDINT_H
| # include <stdint.h>
| #endif
| #ifdef HAVE_UNISTD_H
| # include <unistd.h>
| #endif
| int
| main ()
| {
| static int test_array [1 - 2 * !(((long int) (sizeof (long))) <= 1)];
| test_array [0] = 0;
| return test_array [0];
| 
|   ;
|   return 0;
| }
configure:12419: arm-vita-eabi-gcc -c -std=c99 -ftree-vectorize -O3 -ffat-lto-objects -flto -mword-relocations -fomit-frame-pointer -ffast-math -I/usr/local/vitasdk/arm-vita-eabi/include conftest.c >&5
conftest.c: In function 'main':
conftest.c:59:12: error: size of array 'test_array' is negative
 static int test_array [1 - 2 * !(((long int) (sizeof (long))) <= 3)];
            ^~~~~~~~~~
configure:12419: $? = 1
configure: failed program was:
| /* confdefs.h */
| #define PACKAGE_NAME "FreeType"
| #define PACKAGE_TARNAME "freetype"
| #define PACKAGE_VERSION "2.6.5"
| #define PACKAGE_STRING "FreeType 2.6.5"
| #define PACKAGE_BUGREPORT "freetype@nongnu.org"
| #define PACKAGE_URL ""
| #define STDC_HEADERS 1
| #define HAVE_SYS_TYPES_H 1
| #define HAVE_SYS_STAT_H 1
| #define HAVE_STDLIB_H 1
| #define HAVE_STRING_H 1
| #define HAVE_STRINGS_H 1
| #define HAVE_INTTYPES_H 1
| #define HAVE_STDINT_H 1
| #define HAVE_UNISTD_H 1
| #define LT_OBJDIR ".libs/"
| #define STDC_HEADERS 1
| #define HAVE_FCNTL_H 1
| #define HAVE_UNISTD_H 1
| #define SIZEOF_INT 4
| /* end confdefs.h.  */
| #include <stdio.h>
| #ifdef HAVE_SYS_TYPES_H
| # include <sys/types.h>
| #endif
| #ifdef HAVE_SYS_STAT_H
| # include <sys/stat.h>
| #endif
| #ifdef STDC_HEADERS
| # include <stdlib.h>
| # include <stddef.h>
| #else
| # ifdef HAVE_STDLIB_H
| #  include <stdlib.h>
| # endif
| #endif
| #ifdef HAVE_STRING_H
| # if !defined STDC_HEADERS && defined HAVE_MEMORY_H
| #  include <memory.h>
| # endif
| # include <string.h>
| #endif
| #ifdef HAVE_STRINGS_H
| # include <strings.h>
| #endif
| #ifdef HAVE_INTTYPES_H
| # include <inttypes.h>
| #endif
| #ifdef HAVE_STDINT_H
| # include <stdint.h>
| #endif
| #ifdef HAVE_UNISTD_H
| # include <unistd.h>
| #endif
| int
| main ()
| {
| static int test_array [1 - 2 * !(((long int) (sizeof (long))) <= 3)];
| test_array [0] = 0;
| return test_array [0];
| 
|   ;
|   return 0;
| }
configure:12419: arm-vita-eabi-gcc -c -std=c99 -ftree-vectorize -O3 -ffat-lto-objects -flto -mword-relocations -fomit-frame-pointer -ffast-math -I/usr/local/vitasdk/arm-vita-eabi/include conftest.c >&5
configure:12419: $? = 0
configure:12419: arm-vita-eabi-gcc -c -std=c99 -ftree-vectorize -O3 -ffat-lto-objects -flto -mword-relocations -fomit-frame-pointer -ffast-math -I/usr/local/vitasdk/arm-vita-eabi/include conftest.c >&5
configure:12419: $? = 0
configure:12419: arm-vita-eabi-gcc -c -std=c99 -ftree-vectorize -O3 -ffat-lto-objects -flto -mword-relocations -fomit-frame-pointer -ffast-math -I/usr/local/vitasdk/arm-vita-eabi/include conftest.c >&5
configure:12419: $? = 0
configure:12433: result: 4
configure:12447: checking whether cpp computation of bit length in ftconfig.in works
configure:12504: result: yes
configure:12542: checking for stdlib.h
configure:12542: result: yes
configure:12542: checking for unistd.h
configure:12542: result: yes
configure:12542: checking for sys/param.h
configure:12542: arm-vita-eabi-gcc -c -std=c99 -ftree-vectorize -O3 -ffat-lto-objects -flto -mword-relocations -fomit-frame-pointer -ffast-math -I/usr/local/vitasdk/arm-vita-eabi/include conftest.c >&5
configure:12542: $? = 0
configure:12542: result: yes
configure:12562: checking for getpagesize
configure:12562: arm-vita-eabi-gcc -o conftest -std=c99 -ftree-vectorize -O3 -ffat-lto-objects -flto -mword-relocations -fomit-frame-pointer -ffast-math -I/usr/local/vitasdk/arm-vita-eabi/include -L/usr/local/vitasdk/arm-vita-eabi/lib conftest.c  >&5
C:\cygwin64\tmp\ccel7shF.ltrans0.ltrans.o: In function `main':
<artificial>:(.text.startup+0x2): undefined reference to `getpagesize'
collect2.exe: error: ld returned 1 exit status
configure:12562: $? = 1
configure: failed program was:
| /* confdefs.h */
| #define PACKAGE_NAME "FreeType"
| #define PACKAGE_TARNAME "freetype"
| #define PACKAGE_VERSION "2.6.5"
| #define PACKAGE_STRING "FreeType 2.6.5"
| #define PACKAGE_BUGREPORT "freetype@nongnu.org"
| #define PACKAGE_URL ""
| #define STDC_HEADERS 1
| #define HAVE_SYS_TYPES_H 1
| #define HAVE_SYS_STAT_H 1
| #define HAVE_STDLIB_H 1
| #define HAVE_STRING_H 1
| #define HAVE_STRINGS_H 1
| #define HAVE_INTTYPES_H 1
| #define HAVE_STDINT_H 1
| #define HAVE_UNISTD_H 1
| #define LT_OBJDIR ".libs/"
| #define STDC_HEADERS 1
| #define HAVE_FCNTL_H 1
| #define HAVE_UNISTD_H 1
| #define SIZEOF_INT 4
| #define SIZEOF_LONG 4
| #define HAVE_STDLIB_H 1
| #define HAVE_UNISTD_H 1
| #define HAVE_SYS_PARAM_H 1
| /* end confdefs.h.  */
| /* Define getpagesize to an innocuous variant, in case <limits.h> declares getpagesize.
|    For example, HP-UX 11i <limits.h> declares gettimeofday.  */
| #define getpagesize innocuous_getpagesize
| 
| /* System header to define __stub macros and hopefully few prototypes,
|     which can conflict with char getpagesize (); below.
|     Prefer <limits.h> to <assert.h> if __STDC__ is defined, since
|     <limits.h> exists even on freestanding compilers.  */
| 
| #ifdef __STDC__
| # include <limits.h>
| #else
| # include <assert.h>
| #endif
| 
| #undef getpagesize
| 
| /* Override any GCC internal prototype to avoid an error.
|    Use char because int might match the return type of a GCC
|    builtin and then its argument prototype would still apply.  */
| #ifdef __cplusplus
| extern "C"
| #endif
| char getpagesize ();
| /* The GNU C library defines this for functions which it implements
|     to always fail with ENOSYS.  Some functions are actually named
|     something starting with __ and the normal name is an alias.  */
| #if defined __stub_getpagesize || defined __stub___getpagesize
| choke me
| #endif
| 
| int
| main ()
| {
| return getpagesize ();
|   ;
|   return 0;
| }
configure:12562: result: no
configure:12571: checking for working mmap
configure:12728: result: no
configure:12796: checking for memcpy
configure:12796: arm-vita-eabi-gcc -o conftest -std=c99 -ftree-vectorize -O3 -ffat-lto-objects -flto -mword-relocations -fomit-frame-pointer -ffast-math -I/usr/local/vitasdk/arm-vita-eabi/include -L/usr/local/vitasdk/arm-vita-eabi/lib conftest.c  >&5
conftest.c:50:6: warning: conflicting types for built-in function 'memcpy'
 char memcpy ();
      ^~~~~~
configure:12796: $? = 0
configure:12796: result: yes
configure:12796: checking for memmove
configure:12796: arm-vita-eabi-gcc -o conftest -std=c99 -ftree-vectorize -O3 -ffat-lto-objects -flto -mword-relocations -fomit-frame-pointer -ffast-math -I/usr/local/vitasdk/arm-vita-eabi/include -L/usr/local/vitasdk/arm-vita-eabi/lib conftest.c  >&5
conftest.c:51:6: warning: conflicting types for built-in function 'memmove'
 char memmove ();
      ^~~~~~~
configure:12796: $? = 0
configure:12796: result: yes
configure:12848: checking gcc compiler flag -pedantic to assure ANSI C works correctly
configure:12875: arm-vita-eabi-gcc -c -std=c99 -ftree-vectorize -O3 -ffat-lto-objects -flto -mword-relocations -fomit-frame-pointer -ffast-math  -pedantic -I/usr/local/vitasdk/arm-vita-eabi/include conftest.c >&5
configure:12875: $? = 0
configure:12876: result: ok, add it to XX_ANSIFLAGS
configure:12848: checking gcc compiler flag -ansi to assure ANSI C works correctly
configure:12875: arm-vita-eabi-gcc -c -std=c99 -ftree-vectorize -O3 -ffat-lto-objects -flto -mword-relocations -fomit-frame-pointer -ffast-math  -pedantic -ansi -I/usr/local/vitasdk/arm-vita-eabi/include conftest.c >&5
configure:12875: $? = 0
configure:12876: result: ok, add it to XX_ANSIFLAGS
configure:12940: $PKG_CONFIG --exists --print-errors "$zlib_pkg"
configure:12943: $? = 0
configure:12950: checking for ZLIB
configure:12957: $PKG_CONFIG --exists --print-errors "$zlib_pkg"
configure:12960: $? = 0
configure:12974: $PKG_CONFIG --exists --print-errors "$zlib_pkg"
configure:12977: $? = 0
configure:13015: result: yes
configure:13280: $PKG_CONFIG --exists --print-errors "$libpng_pkg"
configure:13283: $? = 0
configure:13290: checking for LIBPNG
configure:13297: $PKG_CONFIG --exists --print-errors "$libpng_pkg"
configure:13300: $? = 0
configure:13314: $PKG_CONFIG --exists --print-errors "$libpng_pkg"
configure:13317: $? = 0
configure:13355: result: yes
configure:14308: creating ./config.status

## ---------------------- ##
## Running config.status. ##
## ---------------------- ##

This file was extended by FreeType config.status 2.6.5, which was
generated by GNU Autoconf 2.69.  Invocation command line was

  CONFIG_FILES    = 
  CONFIG_HEADERS  = 
  CONFIG_LINKS    = 
  CONFIG_COMMANDS = 
  $ ./config.status 

on DESKTOP-GKAR969

config.status:1080: creating unix-cc.mk
config.status:1080: creating unix-def.mk
config.status:1080: creating ftconfig.h
config.status:1275: executing libtool commands
configure:16327: WARNING: unrecognized options: --disable-shared
configure:16339:

Library configuration:
  external zlib: yes (pkg-config)
  bzip2:         no
  libpng:        yes (pkg-config)
  harfbuzz:      no


## ---------------- ##
## Cache variables. ##
## ---------------- ##

ac_cv_build=x86_64-unknown-cygwin
ac_cv_c_compiler_gnu=yes
ac_cv_c_const=yes
ac_cv_env_BZIP2_CFLAGS_set=
ac_cv_env_BZIP2_CFLAGS_value=
ac_cv_env_BZIP2_LIBS_set=
ac_cv_env_BZIP2_LIBS_value=
ac_cv_env_CC_set=
ac_cv_env_CC_value=
ac_cv_env_CFLAGS_set=set
ac_cv_env_CFLAGS_value='-std=c99 -ftree-vectorize -O3 -ffat-lto-objects -flto -mword-relocations -fomit-frame-pointer -ffast-math'
ac_cv_env_CPPFLAGS_set=set
ac_cv_env_CPPFLAGS_value=-I/usr/local/vitasdk/arm-vita-eabi/include
ac_cv_env_CPP_set=
ac_cv_env_CPP_value=
ac_cv_env_HARFBUZZ_CFLAGS_set=
ac_cv_env_HARFBUZZ_CFLAGS_value=
ac_cv_env_HARFBUZZ_LIBS_set=
ac_cv_env_HARFBUZZ_LIBS_value=
ac_cv_env_LDFLAGS_set=set
ac_cv_env_LDFLAGS_value=-L/usr/local/vitasdk/arm-vita-eabi/lib
ac_cv_env_LIBPNG_CFLAGS_set=
ac_cv_env_LIBPNG_CFLAGS_value=
ac_cv_env_LIBPNG_LIBS_set=
ac_cv_env_LIBPNG_LIBS_value=
ac_cv_env_LIBS_set=
ac_cv_env_LIBS_value=
ac_cv_env_LT_SYS_LIBRARY_PATH_set=
ac_cv_env_LT_SYS_LIBRARY_PATH_value=
ac_cv_env_PKG_CONFIG_LIBDIR_set=
ac_cv_env_PKG_CONFIG_LIBDIR_value=
ac_cv_env_PKG_CONFIG_PATH_set=set
ac_cv_env_PKG_CONFIG_PATH_value=/usr/local/vitasdk/arm-vita-eabi/lib/pkgconfig
ac_cv_env_PKG_CONFIG_set=
ac_cv_env_PKG_CONFIG_value=
ac_cv_env_ZLIB_CFLAGS_set=
ac_cv_env_ZLIB_CFLAGS_value=
ac_cv_env_ZLIB_LIBS_set=
ac_cv_env_ZLIB_LIBS_value=
ac_cv_env_build_alias_set=
ac_cv_env_build_alias_value=
ac_cv_env_host_alias_set=set
ac_cv_env_host_alias_value=arm-vita-eabi
ac_cv_env_target_alias_set=
ac_cv_env_target_alias_value=
ac_cv_func_getpagesize=no
ac_cv_func_memcpy=yes
ac_cv_func_memmove=yes
ac_cv_func_mmap_fixed_mapped=no
ac_cv_header_dlfcn_h=no
ac_cv_header_fcntl_h=yes
ac_cv_header_inttypes_h=yes
ac_cv_header_memory_h=no
ac_cv_header_stdc=yes
ac_cv_header_stdint_h=yes
ac_cv_header_stdlib_h=yes
ac_cv_header_string_h=yes
ac_cv_header_strings_h=yes
ac_cv_header_sys_param_h=yes
ac_cv_header_sys_stat_h=yes
ac_cv_header_sys_types_h=yes
ac_cv_header_unistd_h=yes
ac_cv_host=arm-vita-eabi
ac_cv_objext=o
ac_cv_path_EGREP='/usr/bin/grep -E'
ac_cv_path_FGREP='/usr/bin/grep -F'
ac_cv_path_GREP=/usr/bin/grep
ac_cv_path_SED=/usr/bin/sed
ac_cv_path_ac_pt_PKG_CONFIG=/usr/bin/pkg-config
ac_cv_path_install='/usr/bin/install -c'
ac_cv_path_lt_DD=/usr/bin/dd
ac_cv_path_mkdir=/usr/bin/mkdir
ac_cv_prog_AR=arm-vita-eabi-gcc-ar
ac_cv_prog_AWK=gawk
ac_cv_prog_CC=arm-vita-eabi-gcc
ac_cv_prog_CC_BUILD=gcc
ac_cv_prog_CPP='arm-vita-eabi-gcc -E'
ac_cv_prog_OBJDUMP=arm-vita-eabi-objdump
ac_cv_prog_RANLIB=arm-vita-eabi-gcc-ranlib
ac_cv_prog_STRIP=arm-vita-eabi-strip
ac_cv_prog_ac_ct_DLLTOOL=dlltool
ac_cv_prog_cc_c89=
ac_cv_prog_cc_g=yes
ac_cv_sizeof_int=4
ac_cv_sizeof_long=4
lt_cv_ar_at_file=@
lt_cv_archive_cmds_need_lc=yes
lt_cv_deplibs_check_method=unknown
lt_cv_file_magic_cmd='$MAGIC_CMD'
lt_cv_file_magic_test_file=
lt_cv_ld_reload_flag=-r
lt_cv_nm_interface='BSD nm'
lt_cv_objdir=.libs
lt_cv_path_LD=c:/cygwin64/usr/local/vitasdk/arm-vita-eabi/bin/ld.exe
lt_cv_path_NM='/usr/local/vitasdk/bin/arm-vita-eabi-nm -B'
lt_cv_path_mainfest_tool=no
lt_cv_prog_compiler_c_o=yes
lt_cv_prog_compiler_pic='-fPIC -DPIC'
lt_cv_prog_compiler_pic_works=yes
lt_cv_prog_compiler_rtti_exceptions=no
lt_cv_prog_compiler_static_works=yes
lt_cv_prog_gnu_ld=yes
lt_cv_sharedlib_from_linklib_cmd='printf %s\n'
lt_cv_sys_global_symbol_pipe='sed -n -e '\''s/^.*[	 ]\([ABCDGIRSTW][ABCDGIRSTW]*\)[	 ][	 ]*\([_A-Za-z][_A-Za-z0-9]*\)$/\1 \2 \2/p'\'' | sed '\''/ __gnu_lto/d'\'''
lt_cv_sys_global_symbol_to_c_name_address='sed -n -e '\''s/^: \(.*\) .*$/  {"\1", (void *) 0},/p'\'' -e '\''s/^[ABCDGIRSTW][ABCDGIRSTW]* .* \(.*\)$/  {"\1", (void *) \&\1},/p'\'''
lt_cv_sys_global_symbol_to_c_name_address_lib_prefix='sed -n -e '\''s/^: \(.*\) .*$/  {"\1", (void *) 0},/p'\'' -e '\''s/^[ABCDGIRSTW][ABCDGIRSTW]* .* \(lib.*\)$/  {"\1", (void *) \&\1},/p'\'' -e '\''s/^[ABCDGIRSTW][ABCDGIRSTW]* .* \(.*\)$/  {"lib\1", (void *) \&\1},/p'\'''
lt_cv_sys_global_symbol_to_cdecl='sed -n -e '\''s/^T .* \(.*\)$/extern int \1();/p'\'' -e '\''s/^[ABCDGIRSTW][ABCDGIRSTW]* .* \(.*\)$/extern char \1;/p'\'''
lt_cv_sys_global_symbol_to_import=
lt_cv_sys_max_cmd_len=8192
lt_cv_to_host_file_cmd=func_convert_file_noop
lt_cv_to_tool_file_cmd=func_convert_file_noop
lt_cv_truncate_bin='/usr/bin/dd bs=4096 count=1'
pkg_cv_LIBPNG_CFLAGS=-I/usr/include/libpng16
pkg_cv_LIBPNG_LIBS=-lpng16
pkg_cv_ZLIB_CFLAGS=-I/usr/local/vitasdk/arm-vita-eabi/include
pkg_cv_ZLIB_LIBS='-L/usr/local/vitasdk/arm-vita-eabi/lib -lz'

## ----------------- ##
## Output variables. ##
## ----------------- ##

AR='arm-vita-eabi-gcc-ar'
AS='as'
AWK='gawk'
BZIP2_CFLAGS=''
BZIP2_LIBS=''
CC='arm-vita-eabi-gcc'
CC_BUILD='gcc'
CFLAGS='-std=c99 -ftree-vectorize -O3 -ffat-lto-objects -flto -mword-relocations -fomit-frame-pointer -ffast-math -I/usr/local/vitasdk/arm-vita-eabi/include -DFT_CONFIG_OPTION_SYSTEM_ZLIB -I/usr/include/libpng16 -DFT_CONFIG_OPTION_USE_PNG'
CPP='arm-vita-eabi-gcc -E'
CPPFLAGS='-I/usr/local/vitasdk/arm-vita-eabi/include'
DEFS='-DHAVE_CONFIG_H'
DLLTOOL='dlltool'
DSYMUTIL=''
DUMPBIN=''
ECHO_C=''
ECHO_N='-n'
ECHO_T=''
EGREP='/usr/bin/grep -E'
EXEEXT=''
EXEEXT_BUILD=''
FGREP='/usr/bin/grep -F'
FTSYS_SRC='$(BASE_DIR)/ftsystem.c'
GREP='/usr/bin/grep'
HARFBUZZ_CFLAGS=''
HARFBUZZ_LIBS=''
INSTALL_DATA='${INSTALL} -m 644'
INSTALL_PROGRAM='${INSTALL}'
INSTALL_SCRIPT='${INSTALL}'
LD='c:/cygwin64/usr/local/vitasdk/arm-vita-eabi/bin/ld.exe'
LDFLAGS='-L/usr/local/vitasdk/arm-vita-eabi/lib -L/usr/local/vitasdk/arm-vita-eabi/lib -lz -lpng16'
LIBOBJS=''
LIBPNG_CFLAGS='-I/usr/include/libpng16'
LIBPNG_LIBS='-lpng16'
LIBS=''
LIBSSTATIC_CONFIG='-lfreetype -L/usr/local/vitasdk/arm-vita-eabi/lib -lz -lpng16 -lm -lz'
LIBS_PRIVATE=''
LIBTOOL='$(SHELL) $(top_builddir)/libtool'
LIPO=''
LN_S='ln -s'
LTLIBOBJS=''
LT_SYS_LIBRARY_PATH=''
MANIFEST_TOOL=':'
MKDIR_P='/usr/bin/mkdir -p'
NM='/usr/local/vitasdk/bin/arm-vita-eabi-nm -B'
NMEDIT=''
OBJDUMP='arm-vita-eabi-objdump'
OBJEXT='o'
OTOOL64=''
OTOOL=''
PACKAGE_BUGREPORT='freetype@nongnu.org'
PACKAGE_NAME='FreeType'
PACKAGE_STRING='FreeType 2.6.5'
PACKAGE_TARNAME='freetype'
PACKAGE_URL=''
PACKAGE_VERSION='2.6.5'
PATH_SEPARATOR=':'
PKG_CONFIG='/usr/bin/pkg-config'
PKG_CONFIG_LIBDIR=''
PKG_CONFIG_PATH='/usr/local/vitasdk/arm-vita-eabi/lib/pkgconfig'
RANLIB='arm-vita-eabi-gcc-ranlib'
REQUIRES_PRIVATE='zlib, libpng'
SED='/usr/bin/sed'
SHELL='/bin/sh'
STRIP='arm-vita-eabi-strip'
XX_ANSIFLAGS=' -pedantic -ansi'
XX_CFLAGS='-Wall'
ZLIB_CFLAGS='-I/usr/local/vitasdk/arm-vita-eabi/include'
ZLIB_LIBS='-L/usr/local/vitasdk/arm-vita-eabi/lib -lz'
ac_ct_AR=''
ac_ct_CC=''
ac_ct_DUMPBIN=''
bindir='${exec_prefix}/bin'
build='x86_64-unknown-cygwin'
build_alias=''
build_cpu='x86_64'
build_libtool_libs=''
build_os='cygwin'
build_vendor='unknown'
datadir='${datarootdir}'
datarootdir='${prefix}/share'
docdir='${datarootdir}/doc/${PACKAGE_TARNAME}'
dvidir='${docdir}'
exec_prefix='${prefix}'
ft_version='18.5.12'
ftmac_c=''
hardcode_libdir_flag_spec='$wl-rpath $wl$libdir'
host='arm-vita-eabi'
host_alias='arm-vita-eabi'
host_cpu='arm'
host_os='eabi'
host_vendor='vita'
htmldir='${docdir}'
includedir='${prefix}/include'
infodir='${datarootdir}/info'
libdir='${exec_prefix}/lib'
libexecdir='${exec_prefix}/libexec'
localedir='${datarootdir}/locale'
localstatedir='${prefix}/var'
mandir='${datarootdir}/man'
oldincludedir='/usr/include'
pdfdir='${docdir}'
prefix='/usr/local/vitasdk/arm-vita-eabi'
program_transform_name='s,x,x,'
psdir='${docdir}'
sbindir='${exec_prefix}/sbin'
sharedstatedir='${prefix}/com'
sysconfdir='${prefix}/etc'
target_alias=''
version_info='18:5:12'
wl='-Wl,'

## ----------- ##
## confdefs.h. ##
## ----------- ##

/* confdefs.h */
#define PACKAGE_NAME "FreeType"
#define PACKAGE_TARNAME "freetype"
#define PACKAGE_VERSION "2.6.5"
#define PACKAGE_STRING "FreeType 2.6.5"
#define PACKAGE_BUGREPORT "freetype@nongnu.org"
#define PACKAGE_URL ""
#define STDC_HEADERS 1
#define HAVE_SYS_TYPES_H 1
#define HAVE_SYS_STAT_H 1
#define HAVE_STDLIB_H 1
#define HAVE_STRING_H 1
#define HAVE_STRINGS_H 1
#define HAVE_INTTYPES_H 1
#define HAVE_STDINT_H 1
#define HAVE_UNISTD_H 1
#define LT_OBJDIR ".libs/"
#define STDC_HEADERS 1
#define HAVE_FCNTL_H 1
#define HAVE_UNISTD_H 1
#define SIZEOF_INT 4
#define SIZEOF_LONG 4
#define HAVE_STDLIB_H 1
#define HAVE_UNISTD_H 1
#define HAVE_SYS_PARAM_H 1
#define HAVE_MEMCPY 1
#define HAVE_MEMMOVE 1

configure: exit 0
